[10:17:46] [ServerMain/INFO]: [bootstrap] Running Java 21 (OpenJDK 64-Bit Server VM 21.0.10+7-Ubuntu-124.04; Ubuntu null) on Linux 6.6.123+ (amd64)
[10:17:46] [ServerMain/INFO]: [bootstrap] Loading Paper 1.21.11-130-ver/1.21.11@c5a2736 (2026-04-11T11:14:19Z) for Minecraft 1.21.11
[10:17:46] [ServerMain/INFO]: [PluginInitializerManager] Initializing plugins...
[10:17:47] [ServerMain/INFO]: [PluginInitializerManager] Initialized 0 plugins
[10:17:59] [ServerMain/INFO]: Environment: Environment[sessionHost=https://sessionserver.mojang.com, servicesHost=https://api.minecraftservices.com, profilesHost=https://api.mojang.com, name=PROD]
[10:18:04] [ServerMain/INFO]: Loaded 1470 recipes
[10:18:04] [ServerMain/INFO]: Loaded 1584 advancements
[10:18:05] [ServerMain/INFO]: [ca.spottedleaf.dataconverter.minecraft.datatypes.MCTypeRegistry] Initialising converters for DataConverter...
[10:18:06] [ServerMain/INFO]: [ca.spottedleaf.dataconverter.minecraft.datatypes.MCTypeRegistry] Finished initialising converters for DataConverter in 992.8ms
[10:18:06] [Server thread/INFO]: Starting minecraft server version 1.21.11
[10:18:06] [Server thread/INFO]: Loading properties
[10:18:06] [Server thread/INFO]: This server is running Paper version 1.21.11-130-ver/1.21.11@c5a2736 (2026-04-11T11:14:19Z) (Implementing API version 1.21.11-R0.1-SNAPSHOT)
[10:18:06] [Server thread/INFO]: [spark] This server bundles the spark profiler. For more information please visit https://docs.papermc.io/paper/profiling
[10:18:07] [Server thread/INFO]: Server Ping Player Sample Count: 12
[10:18:07] [Server thread/INFO]: Using 4 threads for Netty based IO
[10:18:10] [Server thread/INFO]: [MoonriseCommon] Paper is using 1 worker threads, 1 I/O threads
[10:18:10] [Server thread/INFO]: Default game type: SURVIVAL
[10:18:10] [Server thread/INFO]: Generating keypair
[10:18:10] [Server thread/INFO]: Starting Minecraft server on *:25565
[10:18:10] [Server thread/INFO]: Paper: Using libdeflate (Linux x86_64) compression from Velocity.
[10:18:10] [Server thread/INFO]: Paper: Using OpenSSL 3.x.x (Linux x86_64) cipher from Velocity.
[10:18:11] [Server thread/INFO]: Server permissions file permissions.yml is empty, ignoring it
[10:18:11] [Server thread/WARN]: **** SERVER IS RUNNING IN OFFLINE/INSECURE MODE!
[10:18:11] [Server thread/WARN]: The server will make no attempt to authenticate usernames. Beware.
[10:18:11] [Server thread/WARN]: While this makes the game possible to play without internet access, it also opens up the ability for hackers to connect with any username they choose.
[10:18:11] [Server thread/WARN]: To change this, set "online-mode" to "true" in the server.properties file.
[10:18:11] [Server thread/INFO]: Preparing level "world"
[10:18:11] [Server thread/INFO]: [ca.spottedleaf.moonrise.common.util.MoonriseConstants] NUMA enable flag is not set; however there is NUMA interaction support for this OS.
[10:18:11] [Server thread/INFO]: [ca.spottedleaf.moonrise.common.util.MoonriseConstants] Detected 1 NUMA nodes.
[10:18:12] [Server thread/INFO]: Loading 0 persistent chunks for world 'minecraft:overworld'...
[10:18:12] [Server thread/INFO]: Preparing spawn area: 100%
[10:18:12] [Server thread/INFO]: Prepared spawn area in 6 ms
[10:18:12] [Server thread/INFO]: Loading 0 persistent chunks for world 'minecraft:the_nether'...
[10:18:12] [Server thread/INFO]: Prepared spawn area in 2 ms
[10:18:12] [Server thread/INFO]: Loading 0 persistent chunks for world 'minecraft:the_end'...
[10:18:12] [Server thread/INFO]: Prepared spawn area in 5 ms
[10:18:12] [Server thread/INFO]: Done preparing level "world" (1.384s)
[10:18:12] [Server thread/INFO]: [spark] Starting background profiler...
[10:18:13] [Server thread/INFO]: Running delayed init tasks
[10:18:13] [Server thread/INFO]: Done (28.885s)! For help, type "help"
[10:23:34] [User Authenticator #0/INFO]: UUID of player abxijth is 997fae52-a0cc-38e4-ae96-1ec35a513332
[10:23:57] [Server thread/INFO]: abxijth joined the game
[10:23:57] [Server thread/INFO]: abxijth[/127.184.134.69:43441] logged in with entity id 14 at ([world]-694.5, 74.0, -22.5)
[10:24:25] [Paper Common Worker #0/ERROR]: Failed to fetch mob spawner entity at (-717, -5, 121)
[10:25:15] [Server thread/INFO]: abxijth has made the advancement [Stone Age]
[10:29:29] [Server thread/INFO]: Villager Villager['Villager'/1829, uuid='45c3c9e1-6bce-47b1-a605-9fe187bb2db4', l='ServerLevel[world]', x=-1260.72, y=64.00, z=-164.63, cpos=[-79, -11], tl=191, v=true] died, message: 'Villager suffocated in a wall'
[10:29:29] [Server thread/INFO]: Villager Villager['Villager'/1918, uuid='df591062-98fe-4179-bbe9-47ee0d7d797e', l='ServerLevel[world]', x=-1266.28, y=63.56, z=-161.37, cpos=[-80, -11], tl=191, v=true] died, message: 'Villager suffocated in a wall'
[10:29:42] [Server thread/INFO]: Villager Villager['Villager'/1920, uuid='aa55c211-4141-4b4e-9739-9d67f6f3f7fd', l='ServerLevel[world]', x=-1276.28, y=63.56, z=-207.37, cpos=[-80, -13], tl=191, v=true] died, message: 'Villager suffocated in a wall'
[10:31:26] [Server thread/INFO]: abxijth has made the advancement [Acquire Hardware]
[10:32:10] [Server thread/INFO]: abxijth has made the advancement [Getting an Upgrade]
[10:32:54] [Server thread/INFO]: abxijth has made the advancement [Monster Hunter]
[10:33:31] [Server thread/INFO]: abxijth lost connection: Disconnected
[10:33:32] [Server thread/INFO]: abxijth left the game
[10:46:26] [Server thread/INFO]: Stopping server
[10:46:26] [Server thread/INFO]: Saving players
[10:46:26] [Server thread/INFO]: Saving worlds
[10:46:26] [Server thread/INFO]: Saving chunks for level 'ServerLevel[world]'/minecraft:overworld
[10:46:26] [Server thread/INFO]: [ChunkHolderManager] Waiting 60s for chunk system to halt for world 'world'
[10:46:26] [Server thread/INFO]: [ChunkHolderManager] Halted chunk system for world 'world'
[10:46:26] [Server thread/INFO]: [ChunkHolderManager] Saving all chunkholders for world 'world'
[10:46:26] [Server thread/INFO]: [ChunkHolderManager] Saved 0 block chunks, 0 entity chunks, 0 poi chunks in world 'world' in 0.01s
[10:46:26] [Server thread/INFO]: [ChunkHolderManager] Waiting 60s for chunk I/O to halt for world 'world'
[10:46:26] [Server thread/INFO]: [ChunkHolderManager] Halted I/O scheduler for world 'world'
[10:46:26] [Server thread/INFO]: Saving chunks for level 'ServerLevel[world_nether]'/minecraft:the_nether
[10:46:26] [Server thread/INFO]: [ChunkHolderManager] Waiting 60s for chunk system to halt for world 'world_nether'
[10:46:26] [Server thread/INFO]: [ChunkHolderManager] Halted chunk system for world 'world_nether'
[10:46:26] [Server thread/INFO]: [ChunkHolderManager] Saving all chunkholders for world 'world_nether'
[10:46:26] [Server thread/INFO]: [ChunkHolderManager] Saved 0 block chunks, 0 entity chunks, 0 poi chunks in world 'world_nether' in 0.00s
[10:46:26] [Server thread/INFO]: [ChunkHolderManager] Waiting 60s for chunk I/O to halt for world 'world_nether'
[10:46:26] [Server thread/INFO]: [ChunkHolderManager] Halted I/O scheduler for world 'world_nether'
[10:46:26] [Server thread/INFO]: Saving chunks for level 'ServerLevel[world_the_end]'/minecraft:the_end
[10:46:26] [Server thread/INFO]: [ChunkHolderManager] Waiting 60s for chunk system to halt for world 'world_the_end'
[10:46:26] [Server thread/INFO]: [ChunkHolderManager] Halted chunk system for world 'world_the_end'
[10:46:26] [Server thread/INFO]: [ChunkHolderManager] Saving all chunkholders for world 'world_the_end'
[10:46:26] [Server thread/INFO]: [ChunkHolderManager] Saved 0 block chunks, 0 entity chunks, 0 poi chunks in world 'world_the_end' in 0.00s
[10:46:26] [Server thread/INFO]: [ChunkHolderManager] Waiting 60s for chunk I/O to halt for world 'world_the_end'
[10:46:26] [Server thread/INFO]: [ChunkHolderManager] Halted I/O scheduler for world 'world_the_end'
[10:46:26] [Server thread/INFO]: ThreadedAnvilChunkStorage (world): All chunks are saved
[10:46:26] [Server thread/INFO]: ThreadedAnvilChunkStorage (DIM-1): All chunks are saved
[10:46:26] [Server thread/INFO]: ThreadedAnvilChunkStorage (DIM1): All chunks are saved
[10:46:26] [Server thread/INFO]: ThreadedAnvilChunkStorage: All dimensions are saved
[10:46:26] [Server thread/INFO]: Waiting for all RegionFile I/O tasks to complete...
[10:46:26] [Server thread/INFO]: All RegionFile I/O tasks to complete
[10:46:26] [Server thread/INFO]: [MoonriseCommon] Awaiting termination of worker pool for up to 60s...
[10:46:26] [Server thread/INFO]: [MoonriseCommon] Awaiting termination of I/O pool for up to 60s...
